<?xml version="1.0" encoding="UTF-8"?>
<!-- Generated by org.testng.reporters.JUnitReportReporter -->
<testsuite hostname="Adrijanas-MBP" failures="0" tests="1" name="testPackage.mainTest" time="19.404" errors="0" timestamp="2021-10-10T21:43:19 BST" skipped="0">
  <testcase classname="testPackage.mainTest" name="theTest" time="19.404"/>
  <system-out/>
</testsuite> <!-- testPackage.mainTest -->
