<?xml version="1.0" encoding="UTF-8"?>
<!-- Generated by org.testng.reporters.JUnitReportReporter -->
<testsuite hostname="Adrijanas-MBP" failures="0" tests="1" name="testPackage.mainTest" time="19.494" errors="0" timestamp="2021-10-11T09:07:26 BST" skipped="0">
  <testcase classname="testPackage.mainTest" name="theTest" time="19.494"/>
  <system-out/>
</testsuite> <!-- testPackage.mainTest -->
